## Footprint report - date 2022 March 26, Saturday 20:07:47
## Created by Pcbnew version (6.0.2-0)
## Unit = mm, Angle = deg.

$BeginDESCRIPTION

$BOARD
upper_left_corner 75.617000 64.949000
lower_right_corner 206.704000 143.331000
$EndBOARD

$MODULE C1
footprint Capacitor_SMD:C_0805_2012Metric
attribut smd
position 190.373000 69.088000  orientation 0.00
layer back
$PAD "1"
Shape Roundrect Layer back
position -0.950000  0.000000  size  1.000000  1.450000  orientation 0.00
drill  0.000000
shape_offset  0.000000  0.000000
$EndPAD
$PAD "2"
Shape Roundrect Layer back
position  0.950000  0.000000  size  1.000000  1.450000  orientation 0.00
drill  0.000000
shape_offset  0.000000  0.000000
$EndPAD
$EndMODULE  C1

$MODULE C2
footprint Capacitor_SMD:C_0805_2012Metric
attribut smd
position 190.373000 73.001500  orientation 0.00
layer back
$PAD "1"
Shape Roundrect Layer back
position -0.950000  0.000000  size  1.000000  1.450000  orientation 0.00
drill  0.000000
shape_offset  0.000000  0.000000
$EndPAD
$PAD "2"
Shape Roundrect Layer back
position  0.950000  0.000000  size  1.000000  1.450000  orientation 0.00
drill  0.000000
shape_offset  0.000000  0.000000
$EndPAD
$EndMODULE  C2

$MODULE C3
footprint Capacitor_SMD:C_0805_2012Metric
attribut smd
position 196.621400 127.254000  orientation 180.00
layer back
$PAD "1"
Shape Roundrect Layer back
position -0.937500  0.000000  size  0.975000  1.400000  orientation 0.00
drill  0.000000
shape_offset  0.000000  0.000000
$EndPAD
$PAD "2"
Shape Roundrect Layer back
position  0.937500  0.000000  size  0.975000  1.400000  orientation 0.00
drill  0.000000
shape_offset  0.000000  0.000000
$EndPAD
$EndMODULE  C3

$MODULE C4
footprint Capacitor_SMD:C_0805_2012Metric
attribut smd
position 187.477400 85.902800  orientation 90.00
layer back
$PAD "1"
Shape Roundrect Layer back
position -0.937500  0.000000  size  0.975000  1.400000  orientation 0.00
drill  0.000000
shape_offset  0.000000  0.000000
$EndPAD
$PAD "2"
Shape Roundrect Layer back
position  0.937500  0.000000  size  0.975000  1.400000  orientation 0.00
drill  0.000000
shape_offset  0.000000  0.000000
$EndPAD
$EndMODULE  C4

$MODULE C5
footprint Capacitor_SMD:C_0805_2012Metric
attribut smd
position 139.954000 103.073200  orientation 0.00
layer back
$PAD "1"
Shape Roundrect Layer back
position -0.937500  0.000000  size  0.975000  1.400000  orientation 0.00
drill  0.000000
shape_offset  0.000000  0.000000
$EndPAD
$PAD "2"
Shape Roundrect Layer back
position  0.937500  0.000000  size  0.975000  1.400000  orientation 0.00
drill  0.000000
shape_offset  0.000000  0.000000
$EndPAD
$EndMODULE  C5

$MODULE C6
footprint Capacitor_SMD:C_0805_2012Metric
attribut smd
position 181.864000 107.950000  orientation 90.00
layer back
$PAD "1"
Shape Roundrect Layer back
position -0.937500  0.000000  size  0.975000  1.400000  orientation 0.00
drill  0.000000
shape_offset  0.000000  0.000000
$EndPAD
$PAD "2"
Shape Roundrect Layer back
position  0.937500  0.000000  size  0.975000  1.400000  orientation 0.00
drill  0.000000
shape_offset  0.000000  0.000000
$EndPAD
$EndMODULE  C6

$MODULE C7
footprint Capacitor_SMD:C_0805_2012Metric
attribut smd
position 84.503500 103.124000  orientation 0.00
layer back
$PAD "1"
Shape Roundrect Layer back
position -0.937500  0.000000  size  0.975000  1.400000  orientation 0.00
drill  0.000000
shape_offset  0.000000  0.000000
$EndPAD
$PAD "2"
Shape Roundrect Layer back
position  0.937500  0.000000  size  0.975000  1.400000  orientation 0.00
drill  0.000000
shape_offset  0.000000  0.000000
$EndPAD
$EndMODULE  C7

$MODULE C8
footprint Capacitor_SMD:C_0805_2012Metric
attribut smd
position 131.800600 86.004400  orientation 90.00
layer back
$PAD "1"
Shape Roundrect Layer back
position -0.937500  0.000000  size  0.975000  1.400000  orientation 0.00
drill  0.000000
shape_offset  0.000000  0.000000
$EndPAD
$PAD "2"
Shape Roundrect Layer back
position  0.937500  0.000000  size  0.975000  1.400000  orientation 0.00
drill  0.000000
shape_offset  0.000000  0.000000
$EndPAD
$EndMODULE  C8

$MODULE C9
footprint Capacitor_SMD:C_0805_2012Metric
attribut smd
position 196.621400 130.962400  orientation 180.00
layer back
$PAD "1"
Shape Roundrect Layer back
position -0.937500  0.000000  size  0.975000  1.400000  orientation 0.00
drill  0.000000
shape_offset  0.000000  0.000000
$EndPAD
$PAD "2"
Shape Roundrect Layer back
position  0.937500  0.000000  size  0.975000  1.400000  orientation 0.00
drill  0.000000
shape_offset  0.000000  0.000000
$EndPAD
$EndMODULE  C9

$MODULE D1
footprint Diode_SMD:D_SOD-123
attribut smd
position 130.073400 97.129600  orientation 180.00
layer back
$PAD "1"
Shape Rect Layer back
position -1.650000  0.000000  size  0.900000  1.200000  orientation 0.00
drill  0.000000
shape_offset  0.000000  0.000000
$EndPAD
$PAD "2"
Shape Rect Layer back
position  1.650000  0.000000  size  0.900000  1.200000  orientation 0.00
drill  0.000000
shape_offset  0.000000  0.000000
$EndPAD
$EndMODULE  D1

$MODULE D2
footprint Diode_SMD:D_SOD-123
attribut smd
position 83.439000 109.474000  orientation 90.00
layer back
$PAD "1"
Shape Rect Layer back
position -1.650000  0.000000  size  0.900000  1.200000  orientation 0.00
drill  0.000000
shape_offset  0.000000  0.000000
$EndPAD
$PAD "2"
Shape Rect Layer back
position  1.650000  0.000000  size  0.900000  1.200000  orientation 0.00
drill  0.000000
shape_offset  0.000000  0.000000
$EndPAD
$EndMODULE  D2

$MODULE D3
footprint Diode_SMD:D_SOD-123
attribut smd
position 145.923000 97.155000  orientation 180.00
layer back
$PAD "1"
Shape Rect Layer back
position -1.650000  0.000000  size  0.900000  1.200000  orientation 0.00
drill  0.000000
shape_offset  0.000000  0.000000
$EndPAD
$PAD "2"
Shape Rect Layer back
position  1.650000  0.000000  size  0.900000  1.200000  orientation 0.00
drill  0.000000
shape_offset  0.000000  0.000000
$EndPAD
$EndMODULE  D3

$MODULE D4
footprint Diode_SMD:D_SOD-123
attribut smd
position 139.089910 109.553625  orientation 90.00
layer back
$PAD "1"
Shape Rect Layer back
position -1.650000  0.000000  size  0.900000  1.200000  orientation 0.00
drill  0.000000
shape_offset  0.000000  0.000000
$EndPAD
$PAD "2"
Shape Rect Layer back
position  1.650000  0.000000  size  0.900000  1.200000  orientation 0.00
drill  0.000000
shape_offset  0.000000  0.000000
$EndPAD
$EndMODULE  D4

$MODULE J1
footprint Connector_PinSocket_2.54mm:PinSocket_1x04_P2.54mm_Horizontal
attribut none
position 203.367000 83.394000  orientation -90.00
layer front
$PAD "1"
Shape Rect Layer both
position  0.000000  0.000000  size  1.700000  1.700000  orientation 360.00
drill  1.000000
shape_offset  0.000000  0.000000
$EndPAD
$PAD "2"
Shape Oval Layer both
position  0.000000  2.540000  size  1.700000  1.700000  orientation 360.00
drill  1.000000
shape_offset  0.000000  0.000000
$EndPAD
$PAD "3"
Shape Oval Layer both
position  0.000000  5.080000  size  1.700000  1.700000  orientation 360.00
drill  1.000000
shape_offset  0.000000  0.000000
$EndPAD
$PAD "4"
Shape Oval Layer both
position  0.000000  7.620000  size  1.700000  1.700000  orientation 360.00
drill  1.000000
shape_offset  0.000000  0.000000
$EndPAD
$EndMODULE  J1

$MODULE P1
footprint apple2-bus:Male_Card-Edge_50_pin__100_mil
attribut none
position 167.259000 139.446000  orientation 0.00
layer front
$PAD "1"
Shape Rect Layer front
position -30.480000  0.000000  size  6.350000  1.524000  orientation 270.00
drill  0.000000
shape_offset  0.000000  0.000000
$EndPAD
$PAD "2"
Shape Rect Layer front
position -27.940000  0.000000  size  6.350000  1.524000  orientation 270.00
drill  0.000000
shape_offset  0.000000  0.000000
$EndPAD
$PAD "3"
Shape Rect Layer front
position -25.400000  0.000000  size  6.350000  1.524000  orientation 270.00
drill  0.000000
shape_offset  0.000000  0.000000
$EndPAD
$PAD "4"
Shape Rect Layer front
position -22.860000  0.000000  size  6.350000  1.524000  orientation 270.00
drill  0.000000
shape_offset  0.000000  0.000000
$EndPAD
$PAD "5"
Shape Rect Layer front
position -20.320000  0.000000  size  6.350000  1.524000  orientation 270.00
drill  0.000000
shape_offset  0.000000  0.000000
$EndPAD
$PAD "6"
Shape Rect Layer front
position -17.780000  0.000000  size  6.350000  1.524000  orientation 270.00
drill  0.000000
shape_offset  0.000000  0.000000
$EndPAD
$PAD "7"
Shape Rect Layer front
position -15.240000  0.000000  size  6.350000  1.524000  orientation 270.00
drill  0.000000
shape_offset  0.000000  0.000000
$EndPAD
$PAD "8"
Shape Rect Layer front
position -12.700000  0.000000  size  6.350000  1.524000  orientation 270.00
drill  0.000000
shape_offset  0.000000  0.000000
$EndPAD
$PAD "9"
Shape Rect Layer front
position -10.160000  0.000000  size  6.350000  1.524000  orientation 270.00
drill  0.000000
shape_offset  0.000000  0.000000
$EndPAD
$PAD "10"
Shape Rect Layer front
position -7.620000  0.000000  size  6.350000  1.524000  orientation 270.00
drill  0.000000
shape_offset  0.000000  0.000000
$EndPAD
$PAD "11"
Shape Rect Layer front
position -5.080000  0.000000  size  6.350000  1.524000  orientation 270.00
drill  0.000000
shape_offset  0.000000  0.000000
$EndPAD
$PAD "12"
Shape Rect Layer front
position -2.540000  0.000000  size  6.350000  1.524000  orientation 270.00
drill  0.000000
shape_offset  0.000000  0.000000
$EndPAD
$PAD "13"
Shape Rect Layer front
position  0.000000  0.000000  size  6.350000  1.524000  orientation 270.00
drill  0.000000
shape_offset  0.000000  0.000000
$EndPAD
$PAD "14"
Shape Rect Layer front
position  2.540000  0.000000  size  6.350000  1.524000  orientation 270.00
drill  0.000000
shape_offset  0.000000  0.000000
$EndPAD
$PAD "15"
Shape Rect Layer front
position  5.080000  0.000000  size  6.350000  1.524000  orientation 270.00
drill  0.000000
shape_offset  0.000000  0.000000
$EndPAD
$PAD "16"
Shape Rect Layer front
position  7.620000  0.000000  size  6.350000  1.524000  orientation 270.00
drill  0.000000
shape_offset  0.000000  0.000000
$EndPAD
$PAD "17"
Shape Rect Layer front
position 10.160000  0.000000  size  6.350000  1.524000  orientation 270.00
drill  0.000000
shape_offset  0.000000  0.000000
$EndPAD
$PAD "18"
Shape Rect Layer front
position 12.700000  0.000000  size  6.350000  1.524000  orientation 270.00
drill  0.000000
shape_offset  0.000000  0.000000
$EndPAD
$PAD "19"
Shape Rect Layer front
position 15.240000  0.000000  size  6.350000  1.524000  orientation 270.00
drill  0.000000
shape_offset  0.000000  0.000000
$EndPAD
$PAD "20"
Shape Rect Layer front
position 17.780000  0.000000  size  6.350000  1.524000  orientation 270.00
drill  0.000000
shape_offset  0.000000  0.000000
$EndPAD
$PAD "21"
Shape Rect Layer front
position 20.320000  0.000000  size  6.350000  1.524000  orientation 270.00
drill  0.000000
shape_offset  0.000000  0.000000
$EndPAD
$PAD "22"
Shape Rect Layer front
position 22.860000  0.000000  size  6.350000  1.524000  orientation 270.00
drill  0.000000
shape_offset  0.000000  0.000000
$EndPAD
$PAD "23"
Shape Rect Layer front
position 25.400000  0.000000  size  6.350000  1.524000  orientation 270.00
drill  0.000000
shape_offset  0.000000  0.000000
$EndPAD
$PAD "24"
Shape Rect Layer front
position 27.940000  0.000000  size  6.350000  1.524000  orientation 270.00
drill  0.000000
shape_offset  0.000000  0.000000
$EndPAD
$PAD "25"
Shape Rect Layer front
position 30.480000  0.000000  size  6.350000  1.524000  orientation 270.00
drill  0.000000
shape_offset  0.000000  0.000000
$EndPAD
$PAD "26"
Shape Rect Layer back
position 30.480000  0.000000  size  6.350000  1.524000  orientation 270.00
drill  0.000000
shape_offset  0.000000  0.000000
$EndPAD
$PAD "27"
Shape Rect Layer back
position 27.940000  0.000000  size  6.350000  1.524000  orientation 270.00
drill  0.000000
shape_offset  0.000000  0.000000
$EndPAD
$PAD "28"
Shape Rect Layer back
position 25.400000  0.000000  size  6.350000  1.524000  orientation 270.00
drill  0.000000
shape_offset  0.000000  0.000000
$EndPAD
$PAD "29"
Shape Rect Layer back
position 22.860000  0.000000  size  6.350000  1.524000  orientation 270.00
drill  0.000000
shape_offset  0.000000  0.000000
$EndPAD
$PAD "30"
Shape Rect Layer back
position 20.320000  0.000000  size  6.350000  1.524000  orientation 270.00
drill  0.000000
shape_offset  0.000000  0.000000
$EndPAD
$PAD "31"
Shape Rect Layer back
position 17.780000  0.000000  size  6.350000  1.524000  orientation 270.00
drill  0.000000
shape_offset  0.000000  0.000000
$EndPAD
$PAD "32"
Shape Rect Layer back
position 15.240000  0.000000  size  6.350000  1.524000  orientation 270.00
drill  0.000000
shape_offset  0.000000  0.000000
$EndPAD
$PAD "33"
Shape Rect Layer back
position 12.700000  0.000000  size  6.350000  1.524000  orientation 270.00
drill  0.000000
shape_offset  0.000000  0.000000
$EndPAD
$PAD "34"
Shape Rect Layer back
position 10.160000  0.000000  size  6.350000  1.524000  orientation 270.00
drill  0.000000
shape_offset  0.000000  0.000000
$EndPAD
$PAD "35"
Shape Rect Layer back
position  7.620000  0.000000  size  6.350000  1.524000  orientation 270.00
drill  0.000000
shape_offset  0.000000  0.000000
$EndPAD
$PAD "36"
Shape Rect Layer back
position  5.080000  0.000000  size  6.350000  1.524000  orientation 270.00
drill  0.000000
shape_offset  0.000000  0.000000
$EndPAD
$PAD "37"
Shape Rect Layer back
position  2.540000  0.000000  size  6.350000  1.524000  orientation 270.00
drill  0.000000
shape_offset  0.000000  0.000000
$EndPAD
$PAD "38"
Shape Rect Layer back
position  0.000000  0.000000  size  6.350000  1.524000  orientation 270.00
drill  0.000000
shape_offset  0.000000  0.000000
$EndPAD
$PAD "39"
Shape Rect Layer back
position -2.540000  0.000000  size  6.350000  1.524000  orientation 270.00
drill  0.000000
shape_offset  0.000000  0.000000
$EndPAD
$PAD "40"
Shape Rect Layer back
position -5.080000  0.000000  size  6.350000  1.524000  orientation 270.00
drill  0.000000
shape_offset  0.000000  0.000000
$EndPAD
$PAD "41"
Shape Rect Layer back
position -7.620000  0.000000  size  6.350000  1.524000  orientation 270.00
drill  0.000000
shape_offset  0.000000  0.000000
$EndPAD
$PAD "42"
Shape Rect Layer back
position -10.160000  0.000000  size  6.350000  1.524000  orientation 270.00
drill  0.000000
shape_offset  0.000000  0.000000
$EndPAD
$PAD "43"
Shape Rect Layer back
position -12.700000  0.000000  size  6.350000  1.524000  orientation 270.00
drill  0.000000
shape_offset  0.000000  0.000000
$EndPAD
$PAD "44"
Shape Rect Layer back
position -15.240000  0.000000  size  6.350000  1.524000  orientation 270.00
drill  0.000000
shape_offset  0.000000  0.000000
$EndPAD
$PAD "45"
Shape Rect Layer back
position -17.780000  0.000000  size  6.350000  1.524000  orientation 270.00
drill  0.000000
shape_offset  0.000000  0.000000
$EndPAD
$PAD "46"
Shape Rect Layer back
position -20.320000  0.000000  size  6.350000  1.524000  orientation 270.00
drill  0.000000
shape_offset  0.000000  0.000000
$EndPAD
$PAD "47"
Shape Rect Layer back
position -22.860000  0.000000  size  6.350000  1.524000  orientation 270.00
drill  0.000000
shape_offset  0.000000  0.000000
$EndPAD
$PAD "48"
Shape Rect Layer back
position -25.400000  0.000000  size  6.350000  1.524000  orientation 270.00
drill  0.000000
shape_offset  0.000000  0.000000
$EndPAD
$PAD "49"
Shape Rect Layer back
position -27.940000  0.000000  size  6.350000  1.524000  orientation 270.00
drill  0.000000
shape_offset  0.000000  0.000000
$EndPAD
$PAD "50"
Shape Rect Layer back
position -30.480000  0.000000  size  6.350000  1.524000  orientation 270.00
drill  0.000000
shape_offset  0.000000  0.000000
$EndPAD
$EndMODULE  P1

$MODULE R1
footprint Resistor_SMD:R_0805_2012Metric
attribut smd
position 124.193075 74.460087  orientation 90.00
layer back
$PAD "1"
Shape Roundrect Layer back
position -0.912500  0.000000  size  1.025000  1.400000  orientation 0.00
drill  0.000000
shape_offset  0.000000  0.000000
$EndPAD
$PAD "2"
Shape Roundrect Layer back
position  0.912500  0.000000  size  1.025000  1.400000  orientation 0.00
drill  0.000000
shape_offset  0.000000  0.000000
$EndPAD
$EndMODULE  R1

$MODULE R2
footprint Resistor_SMD:R_0805_2012Metric
attribut smd
position 126.739416 74.472193  orientation 90.00
layer back
$PAD "1"
Shape Roundrect Layer back
position -0.912500  0.000000  size  1.025000  1.400000  orientation 0.00
drill  0.000000
shape_offset  0.000000  0.000000
$EndPAD
$PAD "2"
Shape Roundrect Layer back
position  0.912500  0.000000  size  1.025000  1.400000  orientation 0.00
drill  0.000000
shape_offset  0.000000  0.000000
$EndPAD
$EndMODULE  R2

$MODULE R3
footprint Resistor_SMD:R_0805_2012Metric
attribut smd
position 121.621733 74.452124  orientation 90.00
layer back
$PAD "1"
Shape Roundrect Layer back
position -0.912500  0.000000  size  1.025000  1.400000  orientation 0.00
drill  0.000000
shape_offset  0.000000  0.000000
$EndPAD
$PAD "2"
Shape Roundrect Layer back
position  0.912500  0.000000  size  1.025000  1.400000  orientation 0.00
drill  0.000000
shape_offset  0.000000  0.000000
$EndPAD
$EndMODULE  R3

$MODULE R4
footprint Resistor_SMD:R_0805_2012Metric
attribut smd
position 124.197612 81.682629  orientation -90.00
layer back
$PAD "1"
Shape Roundrect Layer back
position -0.912500  0.000000  size  1.025000  1.400000  orientation 360.00
drill  0.000000
shape_offset  0.000000  0.000000
$EndPAD
$PAD "2"
Shape Roundrect Layer back
position  0.912500  0.000000  size  1.025000  1.400000  orientation 360.00
drill  0.000000
shape_offset  0.000000  0.000000
$EndPAD
$EndMODULE  R4

$MODULE R5
footprint Resistor_SMD:R_0805_2012Metric
attribut smd
position 126.735478 81.679728  orientation -90.00
layer back
$PAD "1"
Shape Roundrect Layer back
position -0.912500  0.000000  size  1.025000  1.400000  orientation 360.00
drill  0.000000
shape_offset  0.000000  0.000000
$EndPAD
$PAD "2"
Shape Roundrect Layer back
position  0.912500  0.000000  size  1.025000  1.400000  orientation 360.00
drill  0.000000
shape_offset  0.000000  0.000000
$EndPAD
$EndMODULE  R5

$MODULE R6
footprint Resistor_SMD:R_0805_2012Metric
attribut smd
position 126.739686 89.800431  orientation 90.00
layer back
$PAD "1"
Shape Roundrect Layer back
position -0.912500  0.000000  size  1.025000  1.400000  orientation 0.00
drill  0.000000
shape_offset  0.000000  0.000000
$EndPAD
$PAD "2"
Shape Roundrect Layer back
position  0.912500  0.000000  size  1.025000  1.400000  orientation 0.00
drill  0.000000
shape_offset  0.000000  0.000000
$EndPAD
$EndMODULE  R6

$MODULE R7
footprint Resistor_SMD:R_0805_2012Metric
attribut smd
position 179.832000 74.017500  orientation 90.00
layer back
$PAD "1"
Shape Roundrect Layer back
position -0.912500  0.000000  size  1.025000  1.400000  orientation 0.00
drill  0.000000
shape_offset  0.000000  0.000000
$EndPAD
$PAD "2"
Shape Roundrect Layer back
position  0.912500  0.000000  size  1.025000  1.400000  orientation 0.00
drill  0.000000
shape_offset  0.000000  0.000000
$EndPAD
$EndMODULE  R7

$MODULE R8
footprint Resistor_SMD:R_0805_2012Metric
attribut smd
position 182.372000 74.017500  orientation 90.00
layer back
$PAD "1"
Shape Roundrect Layer back
position -0.912500  0.000000  size  1.025000  1.400000  orientation 0.00
drill  0.000000
shape_offset  0.000000  0.000000
$EndPAD
$PAD "2"
Shape Roundrect Layer back
position  0.912500  0.000000  size  1.025000  1.400000  orientation 0.00
drill  0.000000
shape_offset  0.000000  0.000000
$EndPAD
$EndMODULE  R8

$MODULE R9
footprint Resistor_SMD:R_0805_2012Metric
attribut smd
position 177.038000 74.064500  orientation 90.00
layer back
$PAD "1"
Shape Roundrect Layer back
position -0.912500  0.000000  size  1.025000  1.400000  orientation 0.00
drill  0.000000
shape_offset  0.000000  0.000000
$EndPAD
$PAD "2"
Shape Roundrect Layer back
position  0.912500  0.000000  size  1.025000  1.400000  orientation 0.00
drill  0.000000
shape_offset  0.000000  0.000000
$EndPAD
$EndMODULE  R9

$MODULE R10
footprint Resistor_SMD:R_0805_2012Metric
attribut smd
position 179.824981 81.785014  orientation -90.00
layer back
$PAD "1"
Shape Roundrect Layer back
position -0.912500  0.000000  size  1.025000  1.400000  orientation 360.00
drill  0.000000
shape_offset  0.000000  0.000000
$EndPAD
$PAD "2"
Shape Roundrect Layer back
position  0.912500  0.000000  size  1.025000  1.400000  orientation 360.00
drill  0.000000
shape_offset  0.000000  0.000000
$EndPAD
$EndMODULE  R10

$MODULE R11
footprint Resistor_SMD:R_0805_2012Metric
attribut smd
position 182.360676 81.785014  orientation -90.00
layer back
$PAD "1"
Shape Roundrect Layer back
position -0.912500  0.000000  size  1.025000  1.400000  orientation 360.00
drill  0.000000
shape_offset  0.000000  0.000000
$EndPAD
$PAD "2"
Shape Roundrect Layer back
position  0.912500  0.000000  size  1.025000  1.400000  orientation 360.00
drill  0.000000
shape_offset  0.000000  0.000000
$EndPAD
$EndMODULE  R11

$MODULE R12
footprint Resistor_SMD:R_0805_2012Metric
attribut smd
position 182.375873 89.674312  orientation 90.00
layer back
$PAD "1"
Shape Roundrect Layer back
position -0.912500  0.000000  size  1.025000  1.400000  orientation 0.00
drill  0.000000
shape_offset  0.000000  0.000000
$EndPAD
$PAD "2"
Shape Roundrect Layer back
position  0.912500  0.000000  size  1.025000  1.400000  orientation 0.00
drill  0.000000
shape_offset  0.000000  0.000000
$EndPAD
$EndMODULE  R12

$MODULE U1
footprint Package_DIP:DIP-40_W15.24mm
attribut none
position 131.821000 78.227000  orientation -90.00
layer front
$PAD "1"
Shape Rect Layer both
position  0.000000  0.000000  size  1.600000  1.600000  orientation 360.00
drill  0.800000
shape_offset  0.000000  0.000000
$EndPAD
$PAD "2"
Shape Oval Layer both
position  0.000000  2.540000  size  1.600000  1.600000  orientation 360.00
drill  0.800000
shape_offset  0.000000  0.000000
$EndPAD
$PAD "3"
Shape Oval Layer both
position  0.000000  5.080000  size  1.600000  1.600000  orientation 360.00
drill  0.800000
shape_offset  0.000000  0.000000
$EndPAD
$PAD "4"
Shape Oval Layer both
position  0.000000  7.620000  size  1.600000  1.600000  orientation 360.00
drill  0.800000
shape_offset  0.000000  0.000000
$EndPAD
$PAD "5"
Shape Oval Layer both
position  0.000000 10.160000  size  1.600000  1.600000  orientation 360.00
drill  0.800000
shape_offset  0.000000  0.000000
$EndPAD
$PAD "6"
Shape Oval Layer both
position  0.000000 12.700000  size  1.600000  1.600000  orientation 360.00
drill  0.800000
shape_offset  0.000000  0.000000
$EndPAD
$PAD "7"
Shape Oval Layer both
position  0.000000 15.240000  size  1.600000  1.600000  orientation 360.00
drill  0.800000
shape_offset  0.000000  0.000000
$EndPAD
$PAD "8"
Shape Oval Layer both
position  0.000000 17.780000  size  1.600000  1.600000  orientation 360.00
drill  0.800000
shape_offset  0.000000  0.000000
$EndPAD
$PAD "9"
Shape Oval Layer both
position  0.000000 20.320000  size  1.600000  1.600000  orientation 360.00
drill  0.800000
shape_offset  0.000000  0.000000
$EndPAD
$PAD "10"
Shape Oval Layer both
position  0.000000 22.860000  size  1.600000  1.600000  orientation 360.00
drill  0.800000
shape_offset  0.000000  0.000000
$EndPAD
$PAD "11"
Shape Oval Layer both
position  0.000000 25.400000  size  1.600000  1.600000  orientation 360.00
drill  0.800000
shape_offset  0.000000  0.000000
$EndPAD
$PAD "12"
Shape Oval Layer both
position  0.000000 27.940000  size  1.600000  1.600000  orientation 360.00
drill  0.800000
shape_offset  0.000000  0.000000
$EndPAD
$PAD "13"
Shape Oval Layer both
position  0.000000 30.480000  size  1.600000  1.600000  orientation 360.00
drill  0.800000
shape_offset  0.000000  0.000000
$EndPAD
$PAD "14"
Shape Oval Layer both
position  0.000000 33.020000  size  1.600000  1.600000  orientation 360.00
drill  0.800000
shape_offset  0.000000  0.000000
$EndPAD
$PAD "15"
Shape Oval Layer both
position  0.000000 35.560000  size  1.600000  1.600000  orientation 360.00
drill  0.800000
shape_offset  0.000000  0.000000
$EndPAD
$PAD "16"
Shape Oval Layer both
position  0.000000 38.100000  size  1.600000  1.600000  orientation 360.00
drill  0.800000
shape_offset  0.000000  0.000000
$EndPAD
$PAD "17"
Shape Oval Layer both
position  0.000000 40.640000  size  1.600000  1.600000  orientation 360.00
drill  0.800000
shape_offset  0.000000  0.000000
$EndPAD
$PAD "18"
Shape Oval Layer both
position  0.000000 43.180000  size  1.600000  1.600000  orientation 360.00
drill  0.800000
shape_offset  0.000000  0.000000
$EndPAD
$PAD "19"
Shape Oval Layer both
position  0.000000 45.720000  size  1.600000  1.600000  orientation 360.00
drill  0.800000
shape_offset  0.000000  0.000000
$EndPAD
$PAD "20"
Shape Oval Layer both
position  0.000000 48.260000  size  1.600000  1.600000  orientation 360.00
drill  0.800000
shape_offset  0.000000  0.000000
$EndPAD
$PAD "21"
Shape Oval Layer both
position 15.240000 48.260000  size  1.600000  1.600000  orientation 360.00
drill  0.800000
shape_offset  0.000000  0.000000
$EndPAD
$PAD "22"
Shape Oval Layer both
position 15.240000 45.720000  size  1.600000  1.600000  orientation 360.00
drill  0.800000
shape_offset  0.000000  0.000000
$EndPAD
$PAD "23"
Shape Oval Layer both
position 15.240000 43.180000  size  1.600000  1.600000  orientation 360.00
drill  0.800000
shape_offset  0.000000  0.000000
$EndPAD
$PAD "24"
Shape Oval Layer both
position 15.240000 40.640000  size  1.600000  1.600000  orientation 360.00
drill  0.800000
shape_offset  0.000000  0.000000
$EndPAD
$PAD "25"
Shape Oval Layer both
position 15.240000 38.100000  size  1.600000  1.600000  orientation 360.00
drill  0.800000
shape_offset  0.000000  0.000000
$EndPAD
$PAD "26"
Shape Oval Layer both
position 15.240000 35.560000  size  1.600000  1.600000  orientation 360.00
drill  0.800000
shape_offset  0.000000  0.000000
$EndPAD
$PAD "27"
Shape Oval Layer both
position 15.240000 33.020000  size  1.600000  1.600000  orientation 360.00
drill  0.800000
shape_offset  0.000000  0.000000
$EndPAD
$PAD "28"
Shape Oval Layer both
position 15.240000 30.480000  size  1.600000  1.600000  orientation 360.00
drill  0.800000
shape_offset  0.000000  0.000000
$EndPAD
$PAD "29"
Shape Oval Layer both
position 15.240000 27.940000  size  1.600000  1.600000  orientation 360.00
drill  0.800000
shape_offset  0.000000  0.000000
$EndPAD
$PAD "30"
Shape Oval Layer both
position 15.240000 25.400000  size  1.600000  1.600000  orientation 360.00
drill  0.800000
shape_offset  0.000000  0.000000
$EndPAD
$PAD "31"
Shape Oval Layer both
position 15.240000 22.860000  size  1.600000  1.600000  orientation 360.00
drill  0.800000
shape_offset  0.000000  0.000000
$EndPAD
$PAD "32"
Shape Oval Layer both
position 15.240000 20.320000  size  1.600000  1.600000  orientation 360.00
drill  0.800000
shape_offset  0.000000  0.000000
$EndPAD
$PAD "33"
Shape Oval Layer both
position 15.240000 17.780000  size  1.600000  1.600000  orientation 360.00
drill  0.800000
shape_offset  0.000000  0.000000
$EndPAD
$PAD "34"
Shape Oval Layer both
position 15.240000 15.240000  size  1.600000  1.600000  orientation 360.00
drill  0.800000
shape_offset  0.000000  0.000000
$EndPAD
$PAD "35"
Shape Oval Layer both
position 15.240000 12.700000  size  1.600000  1.600000  orientation 360.00
drill  0.800000
shape_offset  0.000000  0.000000
$EndPAD
$PAD "36"
Shape Oval Layer both
position 15.240000 10.160000  size  1.600000  1.600000  orientation 360.00
drill  0.800000
shape_offset  0.000000  0.000000
$EndPAD
$PAD "37"
Shape Oval Layer both
position 15.240000  7.620000  size  1.600000  1.600000  orientation 360.00
drill  0.800000
shape_offset  0.000000  0.000000
$EndPAD
$PAD "38"
Shape Oval Layer both
position 15.240000  5.080000  size  1.600000  1.600000  orientation 360.00
drill  0.800000
shape_offset  0.000000  0.000000
$EndPAD
$PAD "39"
Shape Oval Layer both
position 15.240000  2.540000  size  1.600000  1.600000  orientation 360.00
drill  0.800000
shape_offset  0.000000  0.000000
$EndPAD
$PAD "40"
Shape Oval Layer both
position 15.240000  0.000000  size  1.600000  1.600000  orientation 360.00
drill  0.800000
shape_offset  0.000000  0.000000
$EndPAD
$EndMODULE  U1

$MODULE U2
footprint Package_DIP:DIP-40_W15.24mm
attribut none
position 131.747358 100.411000  orientation -90.00
layer front
$PAD "1"
Shape Rect Layer both
position  0.000000  0.000000  size  1.600000  1.600000  orientation 360.00
drill  0.800000
shape_offset  0.000000  0.000000
$EndPAD
$PAD "2"
Shape Oval Layer both
position  0.000000  2.540000  size  1.600000  1.600000  orientation 360.00
drill  0.800000
shape_offset  0.000000  0.000000
$EndPAD
$PAD "3"
Shape Oval Layer both
position  0.000000  5.080000  size  1.600000  1.600000  orientation 360.00
drill  0.800000
shape_offset  0.000000  0.000000
$EndPAD
$PAD "4"
Shape Oval Layer both
position  0.000000  7.620000  size  1.600000  1.600000  orientation 360.00
drill  0.800000
shape_offset  0.000000  0.000000
$EndPAD
$PAD "5"
Shape Oval Layer both
position  0.000000 10.160000  size  1.600000  1.600000  orientation 360.00
drill  0.800000
shape_offset  0.000000  0.000000
$EndPAD
$PAD "6"
Shape Oval Layer both
position  0.000000 12.700000  size  1.600000  1.600000  orientation 360.00
drill  0.800000
shape_offset  0.000000  0.000000
$EndPAD
$PAD "7"
Shape Oval Layer both
position  0.000000 15.240000  size  1.600000  1.600000  orientation 360.00
drill  0.800000
shape_offset  0.000000  0.000000
$EndPAD
$PAD "8"
Shape Oval Layer both
position  0.000000 17.780000  size  1.600000  1.600000  orientation 360.00
drill  0.800000
shape_offset  0.000000  0.000000
$EndPAD
$PAD "9"
Shape Oval Layer both
position  0.000000 20.320000  size  1.600000  1.600000  orientation 360.00
drill  0.800000
shape_offset  0.000000  0.000000
$EndPAD
$PAD "10"
Shape Oval Layer both
position  0.000000 22.860000  size  1.600000  1.600000  orientation 360.00
drill  0.800000
shape_offset  0.000000  0.000000
$EndPAD
$PAD "11"
Shape Oval Layer both
position  0.000000 25.400000  size  1.600000  1.600000  orientation 360.00
drill  0.800000
shape_offset  0.000000  0.000000
$EndPAD
$PAD "12"
Shape Oval Layer both
position  0.000000 27.940000  size  1.600000  1.600000  orientation 360.00
drill  0.800000
shape_offset  0.000000  0.000000
$EndPAD
$PAD "13"
Shape Oval Layer both
position  0.000000 30.480000  size  1.600000  1.600000  orientation 360.00
drill  0.800000
shape_offset  0.000000  0.000000
$EndPAD
$PAD "14"
Shape Oval Layer both
position  0.000000 33.020000  size  1.600000  1.600000  orientation 360.00
drill  0.800000
shape_offset  0.000000  0.000000
$EndPAD
$PAD "15"
Shape Oval Layer both
position  0.000000 35.560000  size  1.600000  1.600000  orientation 360.00
drill  0.800000
shape_offset  0.000000  0.000000
$EndPAD
$PAD "16"
Shape Oval Layer both
position  0.000000 38.100000  size  1.600000  1.600000  orientation 360.00
drill  0.800000
shape_offset  0.000000  0.000000
$EndPAD
$PAD "17"
Shape Oval Layer both
position  0.000000 40.640000  size  1.600000  1.600000  orientation 360.00
drill  0.800000
shape_offset  0.000000  0.000000
$EndPAD
$PAD "18"
Shape Oval Layer both
position  0.000000 43.180000  size  1.600000  1.600000  orientation 360.00
drill  0.800000
shape_offset  0.000000  0.000000
$EndPAD
$PAD "19"
Shape Oval Layer both
position  0.000000 45.720000  size  1.600000  1.600000  orientation 360.00
drill  0.800000
shape_offset  0.000000  0.000000
$EndPAD
$PAD "20"
Shape Oval Layer both
position  0.000000 48.260000  size  1.600000  1.600000  orientation 360.00
drill  0.800000
shape_offset  0.000000  0.000000
$EndPAD
$PAD "21"
Shape Oval Layer both
position 15.240000 48.260000  size  1.600000  1.600000  orientation 360.00
drill  0.800000
shape_offset  0.000000  0.000000
$EndPAD
$PAD "22"
Shape Oval Layer both
position 15.240000 45.720000  size  1.600000  1.600000  orientation 360.00
drill  0.800000
shape_offset  0.000000  0.000000
$EndPAD
$PAD "23"
Shape Oval Layer both
position 15.240000 43.180000  size  1.600000  1.600000  orientation 360.00
drill  0.800000
shape_offset  0.000000  0.000000
$EndPAD
$PAD "24"
Shape Oval Layer both
position 15.240000 40.640000  size  1.600000  1.600000  orientation 360.00
drill  0.800000
shape_offset  0.000000  0.000000
$EndPAD
$PAD "25"
Shape Oval Layer both
position 15.240000 38.100000  size  1.600000  1.600000  orientation 360.00
drill  0.800000
shape_offset  0.000000  0.000000
$EndPAD
$PAD "26"
Shape Oval Layer both
position 15.240000 35.560000  size  1.600000  1.600000  orientation 360.00
drill  0.800000
shape_offset  0.000000  0.000000
$EndPAD
$PAD "27"
Shape Oval Layer both
position 15.240000 33.020000  size  1.600000  1.600000  orientation 360.00
drill  0.800000
shape_offset  0.000000  0.000000
$EndPAD
$PAD "28"
Shape Oval Layer both
position 15.240000 30.480000  size  1.600000  1.600000  orientation 360.00
drill  0.800000
shape_offset  0.000000  0.000000
$EndPAD
$PAD "29"
Shape Oval Layer both
position 15.240000 27.940000  size  1.600000  1.600000  orientation 360.00
drill  0.800000
shape_offset  0.000000  0.000000
$EndPAD
$PAD "30"
Shape Oval Layer both
position 15.240000 25.400000  size  1.600000  1.600000  orientation 360.00
drill  0.800000
shape_offset  0.000000  0.000000
$EndPAD
$PAD "31"
Shape Oval Layer both
position 15.240000 22.860000  size  1.600000  1.600000  orientation 360.00
drill  0.800000
shape_offset  0.000000  0.000000
$EndPAD
$PAD "32"
Shape Oval Layer both
position 15.240000 20.320000  size  1.600000  1.600000  orientation 360.00
drill  0.800000
shape_offset  0.000000  0.000000
$EndPAD
$PAD "33"
Shape Oval Layer both
position 15.240000 17.780000  size  1.600000  1.600000  orientation 360.00
drill  0.800000
shape_offset  0.000000  0.000000
$EndPAD
$PAD "34"
Shape Oval Layer both
position 15.240000 15.240000  size  1.600000  1.600000  orientation 360.00
drill  0.800000
shape_offset  0.000000  0.000000
$EndPAD
$PAD "35"
Shape Oval Layer both
position 15.240000 12.700000  size  1.600000  1.600000  orientation 360.00
drill  0.800000
shape_offset  0.000000  0.000000
$EndPAD
$PAD "36"
Shape Oval Layer both
position 15.240000 10.160000  size  1.600000  1.600000  orientation 360.00
drill  0.800000
shape_offset  0.000000  0.000000
$EndPAD
$PAD "37"
Shape Oval Layer both
position 15.240000  7.620000  size  1.600000  1.600000  orientation 360.00
drill  0.800000
shape_offset  0.000000  0.000000
$EndPAD
$PAD "38"
Shape Oval Layer both
position 15.240000  5.080000  size  1.600000  1.600000  orientation 360.00
drill  0.800000
shape_offset  0.000000  0.000000
$EndPAD
$PAD "39"
Shape Oval Layer both
position 15.240000  2.540000  size  1.600000  1.600000  orientation 360.00
drill  0.800000
shape_offset  0.000000  0.000000
$EndPAD
$PAD "40"
Shape Oval Layer both
position 15.240000  0.000000  size  1.600000  1.600000  orientation 360.00
drill  0.800000
shape_offset  0.000000  0.000000
$EndPAD
$EndMODULE  U2

$MODULE U3
footprint Package_SO:TSSOP-14_4.4x5mm_P0.65mm
attribut smd
position 176.530000 107.950000  orientation 0.00
layer back
$PAD "1"
Shape Roundrect Layer back
position -2.862500  1.950000  size  1.475000  0.400000  orientation 0.00
drill  0.000000
shape_offset  0.000000  0.000000
$EndPAD
$PAD "2"
Shape Roundrect Layer back
position -2.862500  1.300000  size  1.475000  0.400000  orientation 0.00
drill  0.000000
shape_offset  0.000000  0.000000
$EndPAD
$PAD "3"
Shape Roundrect Layer back
position -2.862500  0.650000  size  1.475000  0.400000  orientation 0.00
drill  0.000000
shape_offset  0.000000  0.000000
$EndPAD
$PAD "4"
Shape Roundrect Layer back
position -2.862500  0.000000  size  1.475000  0.400000  orientation 0.00
drill  0.000000
shape_offset  0.000000  0.000000
$EndPAD
$PAD "5"
Shape Roundrect Layer back
position -2.862500 -0.650000  size  1.475000  0.400000  orientation 0.00
drill  0.000000
shape_offset  0.000000  0.000000
$EndPAD
$PAD "6"
Shape Roundrect Layer back
position -2.862500 -1.300000  size  1.475000  0.400000  orientation 0.00
drill  0.000000
shape_offset  0.000000  0.000000
$EndPAD
$PAD "7"
Shape Roundrect Layer back
position -2.862500 -1.950000  size  1.475000  0.400000  orientation 0.00
drill  0.000000
shape_offset  0.000000  0.000000
$EndPAD
$PAD "8"
Shape Roundrect Layer back
position  2.862500 -1.950000  size  1.475000  0.400000  orientation 0.00
drill  0.000000
shape_offset  0.000000  0.000000
$EndPAD
$PAD "9"
Shape Roundrect Layer back
position  2.862500 -1.300000  size  1.475000  0.400000  orientation 0.00
drill  0.000000
shape_offset  0.000000  0.000000
$EndPAD
$PAD "10"
Shape Roundrect Layer back
position  2.862500 -0.650000  size  1.475000  0.400000  orientation 0.00
drill  0.000000
shape_offset  0.000000  0.000000
$EndPAD
$PAD "11"
Shape Roundrect Layer back
position  2.862500  0.000000  size  1.475000  0.400000  orientation 0.00
drill  0.000000
shape_offset  0.000000  0.000000
$EndPAD
$PAD "12"
Shape Roundrect Layer back
position  2.862500  0.650000  size  1.475000  0.400000  orientation 0.00
drill  0.000000
shape_offset  0.000000  0.000000
$EndPAD
$PAD "13"
Shape Roundrect Layer back
position  2.862500  1.300000  size  1.475000  0.400000  orientation 0.00
drill  0.000000
shape_offset  0.000000  0.000000
$EndPAD
$PAD "14"
Shape Roundrect Layer back
position  2.862500  1.950000  size  1.475000  0.400000  orientation 0.00
drill  0.000000
shape_offset  0.000000  0.000000
$EndPAD
$EndMODULE  U3

$MODULE U4
footprint 74ahct1g04:74AHCT1G04W5-7
attribut none
position 149.352000 112.014000  orientation 180.00
layer back
$PAD "1"
Shape Rect Layer back
position -1.352799  0.950001  size  1.005599  0.500000  orientation 0.00
drill  0.000000
shape_offset  0.000000  0.000000
$EndPAD
$PAD "2"
Shape Rect Layer back
position -1.352799  0.000000  size  1.005599  0.500000  orientation 0.00
drill  0.000000
shape_offset  0.000000  0.000000
$EndPAD
$PAD "3"
Shape Rect Layer back
position -1.352799 -0.950001  size  1.005599  0.500000  orientation 0.00
drill  0.000000
shape_offset  0.000000  0.000000
$EndPAD
$PAD "4"
Shape Rect Layer back
position  1.352799 -0.950001  size  1.005599  0.500000  orientation 0.00
drill  0.000000
shape_offset  0.000000  0.000000
$EndPAD
$PAD "5"
Shape Rect Layer back
position  1.352799  0.950001  size  1.005599  0.500000  orientation 0.00
drill  0.000000
shape_offset  0.000000  0.000000
$EndPAD
$EndMODULE  U4

$MODULE U5
footprint Package_DIP:DIP-40_W15.24mm
attribut none
position 187.452000 78.232000  orientation -90.00
layer front
$PAD "1"
Shape Rect Layer both
position  0.000000  0.000000  size  1.600000  1.600000  orientation 360.00
drill  0.800000
shape_offset  0.000000  0.000000
$EndPAD
$PAD "2"
Shape Oval Layer both
position  0.000000  2.540000  size  1.600000  1.600000  orientation 360.00
drill  0.800000
shape_offset  0.000000  0.000000
$EndPAD
$PAD "3"
Shape Oval Layer both
position  0.000000  5.080000  size  1.600000  1.600000  orientation 360.00
drill  0.800000
shape_offset  0.000000  0.000000
$EndPAD
$PAD "4"
Shape Oval Layer both
position  0.000000  7.620000  size  1.600000  1.600000  orientation 360.00
drill  0.800000
shape_offset  0.000000  0.000000
$EndPAD
$PAD "5"
Shape Oval Layer both
position  0.000000 10.160000  size  1.600000  1.600000  orientation 360.00
drill  0.800000
shape_offset  0.000000  0.000000
$EndPAD
$PAD "6"
Shape Oval Layer both
position  0.000000 12.700000  size  1.600000  1.600000  orientation 360.00
drill  0.800000
shape_offset  0.000000  0.000000
$EndPAD
$PAD "7"
Shape Oval Layer both
position  0.000000 15.240000  size  1.600000  1.600000  orientation 360.00
drill  0.800000
shape_offset  0.000000  0.000000
$EndPAD
$PAD "8"
Shape Oval Layer both
position  0.000000 17.780000  size  1.600000  1.600000  orientation 360.00
drill  0.800000
shape_offset  0.000000  0.000000
$EndPAD
$PAD "9"
Shape Oval Layer both
position  0.000000 20.320000  size  1.600000  1.600000  orientation 360.00
drill  0.800000
shape_offset  0.000000  0.000000
$EndPAD
$PAD "10"
Shape Oval Layer both
position  0.000000 22.860000  size  1.600000  1.600000  orientation 360.00
drill  0.800000
shape_offset  0.000000  0.000000
$EndPAD
$PAD "11"
Shape Oval Layer both
position  0.000000 25.400000  size  1.600000  1.600000  orientation 360.00
drill  0.800000
shape_offset  0.000000  0.000000
$EndPAD
$PAD "12"
Shape Oval Layer both
position  0.000000 27.940000  size  1.600000  1.600000  orientation 360.00
drill  0.800000
shape_offset  0.000000  0.000000
$EndPAD
$PAD "13"
Shape Oval Layer both
position  0.000000 30.480000  size  1.600000  1.600000  orientation 360.00
drill  0.800000
shape_offset  0.000000  0.000000
$EndPAD
$PAD "14"
Shape Oval Layer both
position  0.000000 33.020000  size  1.600000  1.600000  orientation 360.00
drill  0.800000
shape_offset  0.000000  0.000000
$EndPAD
$PAD "15"
Shape Oval Layer both
position  0.000000 35.560000  size  1.600000  1.600000  orientation 360.00
drill  0.800000
shape_offset  0.000000  0.000000
$EndPAD
$PAD "16"
Shape Oval Layer both
position  0.000000 38.100000  size  1.600000  1.600000  orientation 360.00
drill  0.800000
shape_offset  0.000000  0.000000
$EndPAD
$PAD "17"
Shape Oval Layer both
position  0.000000 40.640000  size  1.600000  1.600000  orientation 360.00
drill  0.800000
shape_offset  0.000000  0.000000
$EndPAD
$PAD "18"
Shape Oval Layer both
position  0.000000 43.180000  size  1.600000  1.600000  orientation 360.00
drill  0.800000
shape_offset  0.000000  0.000000
$EndPAD
$PAD "19"
Shape Oval Layer both
position  0.000000 45.720000  size  1.600000  1.600000  orientation 360.00
drill  0.800000
shape_offset  0.000000  0.000000
$EndPAD
$PAD "20"
Shape Oval Layer both
position  0.000000 48.260000  size  1.600000  1.600000  orientation 360.00
drill  0.800000
shape_offset  0.000000  0.000000
$EndPAD
$PAD "21"
Shape Oval Layer both
position 15.240000 48.260000  size  1.600000  1.600000  orientation 360.00
drill  0.800000
shape_offset  0.000000  0.000000
$EndPAD
$PAD "22"
Shape Oval Layer both
position 15.240000 45.720000  size  1.600000  1.600000  orientation 360.00
drill  0.800000
shape_offset  0.000000  0.000000
$EndPAD
$PAD "23"
Shape Oval Layer both
position 15.240000 43.180000  size  1.600000  1.600000  orientation 360.00
drill  0.800000
shape_offset  0.000000  0.000000
$EndPAD
$PAD "24"
Shape Oval Layer both
position 15.240000 40.640000  size  1.600000  1.600000  orientation 360.00
drill  0.800000
shape_offset  0.000000  0.000000
$EndPAD
$PAD "25"
Shape Oval Layer both
position 15.240000 38.100000  size  1.600000  1.600000  orientation 360.00
drill  0.800000
shape_offset  0.000000  0.000000
$EndPAD
$PAD "26"
Shape Oval Layer both
position 15.240000 35.560000  size  1.600000  1.600000  orientation 360.00
drill  0.800000
shape_offset  0.000000  0.000000
$EndPAD
$PAD "27"
Shape Oval Layer both
position 15.240000 33.020000  size  1.600000  1.600000  orientation 360.00
drill  0.800000
shape_offset  0.000000  0.000000
$EndPAD
$PAD "28"
Shape Oval Layer both
position 15.240000 30.480000  size  1.600000  1.600000  orientation 360.00
drill  0.800000
shape_offset  0.000000  0.000000
$EndPAD
$PAD "29"
Shape Oval Layer both
position 15.240000 27.940000  size  1.600000  1.600000  orientation 360.00
drill  0.800000
shape_offset  0.000000  0.000000
$EndPAD
$PAD "30"
Shape Oval Layer both
position 15.240000 25.400000  size  1.600000  1.600000  orientation 360.00
drill  0.800000
shape_offset  0.000000  0.000000
$EndPAD
$PAD "31"
Shape Oval Layer both
position 15.240000 22.860000  size  1.600000  1.600000  orientation 360.00
drill  0.800000
shape_offset  0.000000  0.000000
$EndPAD
$PAD "32"
Shape Oval Layer both
position 15.240000 20.320000  size  1.600000  1.600000  orientation 360.00
drill  0.800000
shape_offset  0.000000  0.000000
$EndPAD
$PAD "33"
Shape Oval Layer both
position 15.240000 17.780000  size  1.600000  1.600000  orientation 360.00
drill  0.800000
shape_offset  0.000000  0.000000
$EndPAD
$PAD "34"
Shape Oval Layer both
position 15.240000 15.240000  size  1.600000  1.600000  orientation 360.00
drill  0.800000
shape_offset  0.000000  0.000000
$EndPAD
$PAD "35"
Shape Oval Layer both
position 15.240000 12.700000  size  1.600000  1.600000  orientation 360.00
drill  0.800000
shape_offset  0.000000  0.000000
$EndPAD
$PAD "36"
Shape Oval Layer both
position 15.240000 10.160000  size  1.600000  1.600000  orientation 360.00
drill  0.800000
shape_offset  0.000000  0.000000
$EndPAD
$PAD "37"
Shape Oval Layer both
position 15.240000  7.620000  size  1.600000  1.600000  orientation 360.00
drill  0.800000
shape_offset  0.000000  0.000000
$EndPAD
$PAD "38"
Shape Oval Layer both
position 15.240000  5.080000  size  1.600000  1.600000  orientation 360.00
drill  0.800000
shape_offset  0.000000  0.000000
$EndPAD
$PAD "39"
Shape Oval Layer both
position 15.240000  2.540000  size  1.600000  1.600000  orientation 360.00
drill  0.800000
shape_offset  0.000000  0.000000
$EndPAD
$PAD "40"
Shape Oval Layer both
position 15.240000  0.000000  size  1.600000  1.600000  orientation 360.00
drill  0.800000
shape_offset  0.000000  0.000000
$EndPAD
$EndMODULE  U5

$MODULE U6
footprint Package_DIP:DIP-40_W15.24mm
attribut none
position 187.373358 100.411000  orientation -90.00
layer front
$PAD "1"
Shape Rect Layer both
position  0.000000  0.000000  size  1.600000  1.600000  orientation 360.00
drill  0.800000
shape_offset  0.000000  0.000000
$EndPAD
$PAD "2"
Shape Oval Layer both
position  0.000000  2.540000  size  1.600000  1.600000  orientation 360.00
drill  0.800000
shape_offset  0.000000  0.000000
$EndPAD
$PAD "3"
Shape Oval Layer both
position  0.000000  5.080000  size  1.600000  1.600000  orientation 360.00
drill  0.800000
shape_offset  0.000000  0.000000
$EndPAD
$PAD "4"
Shape Oval Layer both
position  0.000000  7.620000  size  1.600000  1.600000  orientation 360.00
drill  0.800000
shape_offset  0.000000  0.000000
$EndPAD
$PAD "5"
Shape Oval Layer both
position  0.000000 10.160000  size  1.600000  1.600000  orientation 360.00
drill  0.800000
shape_offset  0.000000  0.000000
$EndPAD
$PAD "6"
Shape Oval Layer both
position  0.000000 12.700000  size  1.600000  1.600000  orientation 360.00
drill  0.800000
shape_offset  0.000000  0.000000
$EndPAD
$PAD "7"
Shape Oval Layer both
position  0.000000 15.240000  size  1.600000  1.600000  orientation 360.00
drill  0.800000
shape_offset  0.000000  0.000000
$EndPAD
$PAD "8"
Shape Oval Layer both
position  0.000000 17.780000  size  1.600000  1.600000  orientation 360.00
drill  0.800000
shape_offset  0.000000  0.000000
$EndPAD
$PAD "9"
Shape Oval Layer both
position  0.000000 20.320000  size  1.600000  1.600000  orientation 360.00
drill  0.800000
shape_offset  0.000000  0.000000
$EndPAD
$PAD "10"
Shape Oval Layer both
position  0.000000 22.860000  size  1.600000  1.600000  orientation 360.00
drill  0.800000
shape_offset  0.000000  0.000000
$EndPAD
$PAD "11"
Shape Oval Layer both
position  0.000000 25.400000  size  1.600000  1.600000  orientation 360.00
drill  0.800000
shape_offset  0.000000  0.000000
$EndPAD
$PAD "12"
Shape Oval Layer both
position  0.000000 27.940000  size  1.600000  1.600000  orientation 360.00
drill  0.800000
shape_offset  0.000000  0.000000
$EndPAD
$PAD "13"
Shape Oval Layer both
position  0.000000 30.480000  size  1.600000  1.600000  orientation 360.00
drill  0.800000
shape_offset  0.000000  0.000000
$EndPAD
$PAD "14"
Shape Oval Layer both
position  0.000000 33.020000  size  1.600000  1.600000  orientation 360.00
drill  0.800000
shape_offset  0.000000  0.000000
$EndPAD
$PAD "15"
Shape Oval Layer both
position  0.000000 35.560000  size  1.600000  1.600000  orientation 360.00
drill  0.800000
shape_offset  0.000000  0.000000
$EndPAD
$PAD "16"
Shape Oval Layer both
position  0.000000 38.100000  size  1.600000  1.600000  orientation 360.00
drill  0.800000
shape_offset  0.000000  0.000000
$EndPAD
$PAD "17"
Shape Oval Layer both
position  0.000000 40.640000  size  1.600000  1.600000  orientation 360.00
drill  0.800000
shape_offset  0.000000  0.000000
$EndPAD
$PAD "18"
Shape Oval Layer both
position  0.000000 43.180000  size  1.600000  1.600000  orientation 360.00
drill  0.800000
shape_offset  0.000000  0.000000
$EndPAD
$PAD "19"
Shape Oval Layer both
position  0.000000 45.720000  size  1.600000  1.600000  orientation 360.00
drill  0.800000
shape_offset  0.000000  0.000000
$EndPAD
$PAD "20"
Shape Oval Layer both
position  0.000000 48.260000  size  1.600000  1.600000  orientation 360.00
drill  0.800000
shape_offset  0.000000  0.000000
$EndPAD
$PAD "21"
Shape Oval Layer both
position 15.240000 48.260000  size  1.600000  1.600000  orientation 360.00
drill  0.800000
shape_offset  0.000000  0.000000
$EndPAD
$PAD "22"
Shape Oval Layer both
position 15.240000 45.720000  size  1.600000  1.600000  orientation 360.00
drill  0.800000
shape_offset  0.000000  0.000000
$EndPAD
$PAD "23"
Shape Oval Layer both
position 15.240000 43.180000  size  1.600000  1.600000  orientation 360.00
drill  0.800000
shape_offset  0.000000  0.000000
$EndPAD
$PAD "24"
Shape Oval Layer both
position 15.240000 40.640000  size  1.600000  1.600000  orientation 360.00
drill  0.800000
shape_offset  0.000000  0.000000
$EndPAD
$PAD "25"
Shape Oval Layer both
position 15.240000 38.100000  size  1.600000  1.600000  orientation 360.00
drill  0.800000
shape_offset  0.000000  0.000000
$EndPAD
$PAD "26"
Shape Oval Layer both
position 15.240000 35.560000  size  1.600000  1.600000  orientation 360.00
drill  0.800000
shape_offset  0.000000  0.000000
$EndPAD
$PAD "27"
Shape Oval Layer both
position 15.240000 33.020000  size  1.600000  1.600000  orientation 360.00
drill  0.800000
shape_offset  0.000000  0.000000
$EndPAD
$PAD "28"
Shape Oval Layer both
position 15.240000 30.480000  size  1.600000  1.600000  orientation 360.00
drill  0.800000
shape_offset  0.000000  0.000000
$EndPAD
$PAD "29"
Shape Oval Layer both
position 15.240000 27.940000  size  1.600000  1.600000  orientation 360.00
drill  0.800000
shape_offset  0.000000  0.000000
$EndPAD
$PAD "30"
Shape Oval Layer both
position 15.240000 25.400000  size  1.600000  1.600000  orientation 360.00
drill  0.800000
shape_offset  0.000000  0.000000
$EndPAD
$PAD "31"
Shape Oval Layer both
position 15.240000 22.860000  size  1.600000  1.600000  orientation 360.00
drill  0.800000
shape_offset  0.000000  0.000000
$EndPAD
$PAD "32"
Shape Oval Layer both
position 15.240000 20.320000  size  1.600000  1.600000  orientation 360.00
drill  0.800000
shape_offset  0.000000  0.000000
$EndPAD
$PAD "33"
Shape Oval Layer both
position 15.240000 17.780000  size  1.600000  1.600000  orientation 360.00
drill  0.800000
shape_offset  0.000000  0.000000
$EndPAD
$PAD "34"
Shape Oval Layer both
position 15.240000 15.240000  size  1.600000  1.600000  orientation 360.00
drill  0.800000
shape_offset  0.000000  0.000000
$EndPAD
$PAD "35"
Shape Oval Layer both
position 15.240000 12.700000  size  1.600000  1.600000  orientation 360.00
drill  0.800000
shape_offset  0.000000  0.000000
$EndPAD
$PAD "36"
Shape Oval Layer both
position 15.240000 10.160000  size  1.600000  1.600000  orientation 360.00
drill  0.800000
shape_offset  0.000000  0.000000
$EndPAD
$PAD "37"
Shape Oval Layer both
position 15.240000  7.620000  size  1.600000  1.600000  orientation 360.00
drill  0.800000
shape_offset  0.000000  0.000000
$EndPAD
$PAD "38"
Shape Oval Layer both
position 15.240000  5.080000  size  1.600000  1.600000  orientation 360.00
drill  0.800000
shape_offset  0.000000  0.000000
$EndPAD
$PAD "39"
Shape Oval Layer both
position 15.240000  2.540000  size  1.600000  1.600000  orientation 360.00
drill  0.800000
shape_offset  0.000000  0.000000
$EndPAD
$PAD "40"
Shape Oval Layer both
position 15.240000  0.000000  size  1.600000  1.600000  orientation 360.00
drill  0.800000
shape_offset  0.000000  0.000000
$EndPAD
$EndMODULE  U6

$EndDESCRIPTION
